<?xml version="1.0" encoding="UTF-8"?>
<!-- Generated by org.testng.reporters.JUnitReportReporter -->
<testsuite skipped="0" hostname="ONE" name="TestPage.DressPageTest" tests="3" failures="0" timestamp="13 Feb 2020 18:11:50 GMT" time="29.358" errors="0">
  <testcase name="match" time="5.252" classname="TestPage.DressPageTest"/>
  <testcase name="verifySizes" time="9.954" classname="TestPage.DressPageTest"/>
  <testcase name="clickimage" time="14.152" classname="TestPage.DressPageTest"/>
</testsuite> <!-- TestPage.DressPageTest -->
